d:\repos\c++ projects\nn-neural network\neuralnetwork wbudowany\neuralnetworkclass\x64\debug\vc142.pdb
d:\repos\c++ projects\nn-neural network\neuralnetwork wbudowany\neuralnetworkclass\x64\debug\vc142.idb
d:\repos\c++ projects\nn-neural network\neuralnetwork wbudowany\neuralnetworkclass\x64\debug\neuron.obj
d:\repos\c++ projects\nn-neural network\neuralnetwork wbudowany\neuralnetworkclass\x64\debug\neuralnetworkclass.obj
d:\repos\c++ projects\nn-neural network\neuralnetwork wbudowany\neuralnetworkclass\x64\debug\neuralnetwork.obj
d:\repos\c++ projects\nn-neural network\neuralnetwork wbudowany\neuralnetworkclass\x64\debug\layer.obj
d:\repos\c++ projects\nn-neural network\neuralnetwork wbudowany\neuralnetworkclass\x64\debug\windownet.obj
d:\repos\c++ projects\nn-neural network\neuralnetwork wbudowany\neuralnetworkclass\x64\debug\datastream.obj
d:\repos\c++ projects\nn-neural network\neuralnetwork wbudowany\neuralnetworkclass\x64\debug\bitdatamemo.obj
d:\repos\c++ projects\nn-neural network\neuralnetwork wbudowany\neuralnetworkclass\x64\debug\rnn.obj
d:\repos\c++ projects\nn-neural network\neuralnetwork wbudowany\neuralnetworkclass\x64\debug\neuralnetworkclass.pdb
d:\repos\c++ projects\nn-neural network\neuralnetwork wbudowany\neuralnetworkclass\x64\debug\neuralne.c3552dff.tlog\cl.command.1.tlog
d:\repos\c++ projects\nn-neural network\neuralnetwork wbudowany\neuralnetworkclass\x64\debug\neuralne.c3552dff.tlog\cl.read.1.tlog
d:\repos\c++ projects\nn-neural network\neuralnetwork wbudowany\neuralnetworkclass\x64\debug\neuralne.c3552dff.tlog\cl.write.1.tlog
d:\repos\c++ projects\nn-neural network\neuralnetwork wbudowany\neuralnetworkclass\x64\debug\neuralne.c3552dff.tlog\link-cvtres.read.1.tlog
d:\repos\c++ projects\nn-neural network\neuralnetwork wbudowany\neuralnetworkclass\x64\debug\neuralne.c3552dff.tlog\link-cvtres.write.1.tlog
d:\repos\c++ projects\nn-neural network\neuralnetwork wbudowany\neuralnetworkclass\x64\debug\neuralne.c3552dff.tlog\link-rc.read.1.tlog
d:\repos\c++ projects\nn-neural network\neuralnetwork wbudowany\neuralnetworkclass\x64\debug\neuralne.c3552dff.tlog\link-rc.write.1.tlog
d:\repos\c++ projects\nn-neural network\neuralnetwork wbudowany\neuralnetworkclass\x64\debug\neuralne.c3552dff.tlog\link.command.1.tlog
d:\repos\c++ projects\nn-neural network\neuralnetwork wbudowany\neuralnetworkclass\x64\debug\neuralne.c3552dff.tlog\link.read.1.tlog
d:\repos\c++ projects\nn-neural network\neuralnetwork wbudowany\neuralnetworkclass\x64\debug\neuralne.c3552dff.tlog\link.write.1.tlog
